  compilation object save succeeded; see C:\Users\bk01r\Desktop\ゲーム制作2021\EmptyProject\media\Shaders\BcPSPCStatic.cso
  compilation object save succeeded; see C:\Users\bk01r\Desktop\ゲーム制作2021\EmptyProject\media\Shaders\BcPSPNTnTPL.cso
  compilation object save succeeded; see C:\Users\bk01r\Desktop\ゲーム制作2021\EmptyProject\media\Shaders\BcPSPNTnTPLShadow.cso
  compilation object save succeeded; see C:\Users\bk01r\Desktop\ゲーム制作2021\EmptyProject\media\Shaders\BcPSPNTPL.cso
  compilation object save succeeded; see C:\Users\bk01r\Desktop\ゲーム制作2021\EmptyProject\media\Shaders\BcPSPNTPLShadow.cso
  compilation object save succeeded; see C:\Users\bk01r\Desktop\ゲーム制作2021\EmptyProject\media\Shaders\BcPSPNTVL.cso
  compilation object save succeeded; see C:\Users\bk01r\Desktop\ゲーム制作2021\EmptyProject\media\Shaders\BcPSPNTVLShadow.cso
  compilation object save succeeded; see C:\Users\bk01r\Desktop\ゲーム制作2021\EmptyProject\media\Shaders\BcPSPNStaticVL.cso
  compilation object save succeeded; see C:\Users\bk01r\Desktop\ゲーム制作2021\EmptyProject\media\Shaders\BcPSPTStatic.cso
  compilation object save succeeded; see C:\Users\bk01r\Desktop\ゲーム制作2021\EmptyProject\media\Shaders\BcVSPCStatic.cso
  compilation object save succeeded; see C:\Users\bk01r\Desktop\ゲーム制作2021\EmptyProject\media\Shaders\BcVSPCTStatic.cso
  compilation object save succeeded; see C:\Users\bk01r\Desktop\ゲーム制作2021\EmptyProject\media\Shaders\BcVSPNStaticVL.cso
  compilation object save succeeded; see C:\Users\bk01r\Desktop\ゲーム制作2021\EmptyProject\media\Shaders\BcVSPNTBonePL.cso
  compilation object save succeeded; see C:\Users\bk01r\Desktop\ゲーム制作2021\EmptyProject\media\Shaders\BcVSPNTBonePLBn.cso
  compilation object save succeeded; see C:\Users\bk01r\Desktop\ゲーム制作2021\EmptyProject\media\Shaders\BcVSPNTBonePLBnShadow.cso
  compilation object save succeeded; see C:\Users\bk01r\Desktop\ゲーム制作2021\EmptyProject\media\Shaders\BcVSPNTBonePLShadow.cso
  compilation object save succeeded; see C:\Users\bk01r\Desktop\ゲーム制作2021\EmptyProject\media\Shaders\BcVSPNTBoneVL.cso
  compilation object save succeeded; see C:\Users\bk01r\Desktop\ゲーム制作2021\EmptyProject\media\Shaders\BcVSPNTBoneVLBn.cso
  compilation object save succeeded; see C:\Users\bk01r\Desktop\ゲーム制作2021\EmptyProject\media\Shaders\BcVSPNTBoneVLBnShadow.cso
  compilation object save succeeded; see C:\Users\bk01r\Desktop\ゲーム制作2021\EmptyProject\media\Shaders\BcVSPNTBoneVLShadow.cso
  compilation object save succeeded; see C:\Users\bk01r\Desktop\ゲーム制作2021\EmptyProject\media\Shaders\BcVSPNTnTBonePL.cso
  compilation object save succeeded; see C:\Users\bk01r\Desktop\ゲーム制作2021\EmptyProject\media\Shaders\BcVSPNTnTBonePLShadow.cso
  compilation object save succeeded; see C:\Users\bk01r\Desktop\ゲーム制作2021\EmptyProject\media\Shaders\BcVSPNTnTStaticPL.cso
  compilation object save succeeded; see C:\Users\bk01r\Desktop\ゲーム制作2021\EmptyProject\media\Shaders\BcVSPNTnTStaticPLShadow.cso
  compilation object save succeeded; see C:\Users\bk01r\Desktop\ゲーム制作2021\EmptyProject\media\Shaders\BcVSPNTStaticPL.cso
  compilation object save succeeded; see C:\Users\bk01r\Desktop\ゲーム制作2021\EmptyProject\media\Shaders\BcVSPNTStaticPLBn.cso
  compilation object save succeeded; see C:\Users\bk01r\Desktop\ゲーム制作2021\EmptyProject\media\Shaders\BcVSPNTStaticPLBnShadow.cso
  compilation object save succeeded; see C:\Users\bk01r\Desktop\ゲーム制作2021\EmptyProject\media\Shaders\BcVSPNTStaticPLShadow.cso
  compilation object save succeeded; see C:\Users\bk01r\Desktop\ゲーム制作2021\EmptyProject\media\Shaders\BcVSPNTStaticVL.cso
  compilation object save succeeded; see C:\Users\bk01r\Desktop\ゲーム制作2021\EmptyProject\media\Shaders\BcVSPNTStaticVLBn.cso
  compilation object save succeeded; see C:\Users\bk01r\Desktop\ゲーム制作2021\EmptyProject\media\Shaders\BcVSPNTStaticVLBnShadow.cso
  compilation object save succeeded; see C:\Users\bk01r\Desktop\ゲーム制作2021\EmptyProject\media\Shaders\BcVSPNTStaticVLShadow.cso
  compilation object save succeeded; see C:\Users\bk01r\Desktop\ゲーム制作2021\EmptyProject\media\Shaders\BcVSPTStatic.cso
  compilation object save succeeded; see C:\Users\bk01r\Desktop\ゲーム制作2021\EmptyProject\media\Shaders\PSPCSprite.cso
  compilation object save succeeded; see C:\Users\bk01r\Desktop\ゲーム制作2021\EmptyProject\media\Shaders\PSPCStatic.cso
  compilation object save succeeded; see C:\Users\bk01r\Desktop\ゲーム制作2021\EmptyProject\media\Shaders\PSPCTSprite.cso
  compilation object save succeeded; see C:\Users\bk01r\Desktop\ゲーム制作2021\EmptyProject\media\Shaders\PSPCTStatic.cso
  compilation object save succeeded; see C:\Users\bk01r\Desktop\ゲーム制作2021\EmptyProject\media\Shaders\PSPNStatic.cso
  compilation object save succeeded; see C:\Users\bk01r\Desktop\ゲーム制作2021\EmptyProject\media\Shaders\PSPNTStatic.cso
  compilation object save succeeded; see C:\Users\bk01r\Desktop\ゲーム制作2021\EmptyProject\media\Shaders\PSPNTStaticShadow.cso
  compilation object save succeeded; see C:\Users\bk01r\Desktop\ゲーム制作2021\EmptyProject\media\Shaders\PSPNTStaticShadow2.cso
  compilation object save succeeded; see C:\Users\bk01r\Desktop\ゲーム制作2021\EmptyProject\media\Shaders\PSPTSprite.cso
  compilation object save succeeded; see C:\Users\bk01r\Desktop\ゲーム制作2021\EmptyProject\media\Shaders\PSPTStatic.cso
  compilation object save succeeded; see C:\Users\bk01r\Desktop\ゲーム制作2021\EmptyProject\media\Shaders\VSPCSprite.cso
  compilation object save succeeded; see C:\Users\bk01r\Desktop\ゲーム制作2021\EmptyProject\media\Shaders\VSPCStatic.cso
  compilation object save succeeded; see C:\Users\bk01r\Desktop\ゲーム制作2021\EmptyProject\media\Shaders\VSPCStaticInstance.cso
  compilation object save succeeded; see C:\Users\bk01r\Desktop\ゲーム制作2021\EmptyProject\media\Shaders\VSPCTSprite.cso
  compilation object save succeeded; see C:\Users\bk01r\Desktop\ゲーム制作2021\EmptyProject\media\Shaders\VSPCTStatic.cso
  compilation object save succeeded; see C:\Users\bk01r\Desktop\ゲーム制作2021\EmptyProject\media\Shaders\VSPCTStaticInstance.cso
  compilation object save succeeded; see C:\Users\bk01r\Desktop\ゲーム制作2021\EmptyProject\media\Shaders\VSPNStatic.cso
  compilation object save succeeded; see C:\Users\bk01r\Desktop\ゲーム制作2021\EmptyProject\media\Shaders\VSPNTBone.cso
  compilation object save succeeded; see C:\Users\bk01r\Desktop\ゲーム制作2021\EmptyProject\media\Shaders\VSPNTBoneShadow.cso
  compilation object save succeeded; see C:\Users\bk01r\Desktop\ゲーム制作2021\EmptyProject\media\Shaders\VSPNTStatic.cso
  compilation object save succeeded; see C:\Users\bk01r\Desktop\ゲーム制作2021\EmptyProject\media\Shaders\VSPNTStaticInstance.cso
  compilation object save succeeded; see C:\Users\bk01r\Desktop\ゲーム制作2021\EmptyProject\media\Shaders\VSPNTStaticInstanceShadow.cso
  compilation object save succeeded; see C:\Users\bk01r\Desktop\ゲーム制作2021\EmptyProject\media\Shaders\VSPNTStaticShadow.cso
  compilation object save succeeded; see C:\Users\bk01r\Desktop\ゲーム制作2021\EmptyProject\media\Shaders\VSPTSprite.cso
  compilation object save succeeded; see C:\Users\bk01r\Desktop\ゲーム制作2021\EmptyProject\media\Shaders\VSPTStatic.cso
  compilation object save succeeded; see C:\Users\bk01r\Desktop\ゲーム制作2021\EmptyProject\media\Shaders\VSPTStaticInstance.cso
  compilation object save succeeded; see C:\Users\bk01r\Desktop\ゲーム制作2021\EmptyProject\media\Shaders\VSShadowmap.cso
  compilation object save succeeded; see C:\Users\bk01r\Desktop\ゲーム制作2021\EmptyProject\media\Shaders\VSShadowmapBone.cso
  compilation object save succeeded; see C:\Users\bk01r\Desktop\ゲーム制作2021\EmptyProject\media\Shaders\VSShadowmapBoneWithTan.cso
  stdafx.cpp
  Character.cpp
  GameStage.cpp
  Player.cpp
  ProjectBehavior.cpp
  ProjectShader.cpp
  Scene.cpp
  WinMain.cpp
  DrawComponents.cpp
  DrawComponentsEx.cpp
  StringComponents.cpp
  DeviceResources.cpp
  VertexHelper.cpp
  App.cpp
  BaseHelper.cpp
  BasePhysics.cpp
  MeshHelper.cpp
  pfx_update_broadphase_proxy.cpp
  pfx_collidable.cpp
  pfx_contact_box_box.cpp
  pfx_contact_box_capsule.cpp
  コードを生成中...
  コンパイル中...
  pfx_contact_box_sphere.cpp
  pfx_contact_cache.cpp
  pfx_contact_capsule_capsule.cpp
  pfx_contact_capsule_sphere.cpp
  pfx_contact_large_tri_mesh.cpp
  pfx_contact_manifold.cpp
  pfx_contact_sphere_sphere.cpp
  pfx_contact_tri_mesh_box.cpp
  pfx_contact_tri_mesh_capsule.cpp
  pfx_contact_tri_mesh_convex.cpp
  pfx_contact_tri_mesh_cylinder.cpp
  pfx_contact_tri_mesh_sphere.cpp
  pfx_gjk_solver.cpp
  pfx_gjk_support_func.cpp
  pfx_intersect_ray_box.cpp
  pfx_intersect_ray_capsule.cpp
  pfx_intersect_ray_convex.cpp
  pfx_intersect_ray_cylinder.cpp
  pfx_intersect_ray_large_tri_mesh.cpp
  pfx_intersect_ray_sphere.cpp
  コードを生成中...
  コンパイル中...
  pfx_shape.cpp
  pfx_simplex_solver.cpp
  pfx_contact_constraint.cpp
  pfx_joint_ball.cpp
  pfx_joint_fix.cpp
  pfx_joint_hinge.cpp
  pfx_joint_slider.cpp
  pfx_joint_swing_twist.cpp
  pfx_joint_universal.cpp
  pfx_sort.cpp
  pfx_broadphase_single.cpp
  pfx_batched_ray_cast_single.cpp
  pfx_collision_detection_single.cpp
  pfx_detect_collision_func.cpp
  pfx_intersect_ray_func.cpp
  pfx_island_generation.cpp
  pfx_ray_cast.cpp
  pfx_refresh_contacts_single.cpp
  pfx_constraint_solver_single.cpp
  pfx_joint_constraint_func.cpp
  コードを生成中...
  コンパイル中...
  pfx_update_rigid_states_single.cpp
  pfx_debug_render.cpp
  pfx_mass.cpp
  pfx_mesh_creator.cpp
  pfx_util_common.cpp
  XmlDoc.cpp
  Action.cpp
  Behavior.cpp
  BehaviorSteering.cpp
  Collision.cpp
  CollisionManager.cpp
  Components.cpp
  GameObject.cpp
  Rigidbody.cpp
  SharedResources.cpp
  SpriteStudio5.cpp
  コードを生成中...
  BaseCrossDx11VS2019.vcxproj -> C:\Users\bk01r\Desktop\ゲーム制作2021\EmptyProject\Debug\BaseCrossDx11VS2019.exe
